[33mWARNING[0m:  [07-05-2026 12:39:09] chroma_server_nofile is not supported on Windows. chroma_server_nofile will not be set.
[32mINFO[0m:     [07-05-2026 12:39:10] Anonymized telemetry enabled. See                     https://docs.trychroma.com/telemetry for more information.
[36mDEBUG[0m:    [07-05-2026 12:39:10] Starting component System
[36mDEBUG[0m:    [07-05-2026 12:39:10] Starting component OpenTelemetryClient
[36mDEBUG[0m:    [07-05-2026 12:39:10] Starting component SimpleAssignmentPolicy
[36mDEBUG[0m:    [07-05-2026 12:39:10] Starting component SqliteDB
[36mDEBUG[0m:    [07-05-2026 12:39:10] Starting component QuotaEnforcer
[36mDEBUG[0m:    [07-05-2026 12:39:10] Starting component Posthog
[36mDEBUG[0m:    [07-05-2026 12:39:10] Starting component LocalSegmentManager
[36mDEBUG[0m:    [07-05-2026 12:39:10] Starting component SegmentAPI
[32mINFO[0m:     [07-05-2026 12:39:10] Started server process [[36m18892[0m]
[32mINFO[0m:     [07-05-2026 12:39:10] Waiting for application startup.
[32mINFO[0m:     [07-05-2026 12:39:10] Application startup complete.
[32mINFO[0m:     [07-05-2026 12:39:10] Uvicorn running on [1mhttp://localhost:8000[0m (Press CTRL+C to quit)
[32mINFO[0m:     [07-05-2026 12:39:25] Shutting down
[32mINFO[0m:     [07-05-2026 12:39:25] Waiting for application shutdown.
[36mDEBUG[0m:    [07-05-2026 12:39:25] Stopping component System
[36mDEBUG[0m:    [07-05-2026 12:39:25] Stopping component SegmentAPI
[36mDEBUG[0m:    [07-05-2026 12:39:25] Stopping component LocalSegmentManager
[36mDEBUG[0m:    [07-05-2026 12:39:25] Stopping component Posthog
[36mDEBUG[0m:    [07-05-2026 12:39:25] Stopping component QuotaEnforcer
[36mDEBUG[0m:    [07-05-2026 12:39:25] Stopping component SqliteDB
[36mDEBUG[0m:    [07-05-2026 12:39:25] Stopping component SimpleAssignmentPolicy
[36mDEBUG[0m:    [07-05-2026 12:39:25] Stopping component OpenTelemetryClient
[32mINFO[0m:     [07-05-2026 12:39:25] Application shutdown complete.
[32mINFO[0m:     [07-05-2026 12:39:25] Finished server process [[36m18892[0m]
[33mWARNING[0m:  [15-05-2026 12:53:22] chroma_server_nofile is not supported on Windows. chroma_server_nofile will not be set.
[32mINFO[0m:     [15-05-2026 12:53:22] Anonymized telemetry enabled. See                     https://docs.trychroma.com/telemetry for more information.
[36mDEBUG[0m:    [15-05-2026 12:53:22] Starting component System
[36mDEBUG[0m:    [15-05-2026 12:53:22] Starting component OpenTelemetryClient
[36mDEBUG[0m:    [15-05-2026 12:53:22] Starting component SqliteDB
[36mDEBUG[0m:    [15-05-2026 12:53:22] Starting component QuotaEnforcer
[36mDEBUG[0m:    [15-05-2026 12:53:22] Starting component Posthog
[36mDEBUG[0m:    [15-05-2026 12:53:22] Starting component LocalSegmentManager
[36mDEBUG[0m:    [15-05-2026 12:53:22] Starting component SegmentAPI
[31mERROR[0m:    [15-05-2026 12:53:22] Failed to send telemetry event ServerStartEvent: capture() takes 1 positional argument but 3 were given
[32mINFO[0m:     [15-05-2026 12:53:22] Started server process [[36m24580[0m]
[32mINFO[0m:     [15-05-2026 12:53:22] Waiting for application startup.
[32mINFO[0m:     [15-05-2026 12:53:22] Application startup complete.
[32mINFO[0m:     [15-05-2026 12:53:22] Uvicorn running on [1mhttp://localhost:8000[0m (Press CTRL+C to quit)
[32mINFO[0m:     [15-05-2026 12:56:49] Shutting down
[32mINFO[0m:     [15-05-2026 12:56:49] Waiting for application shutdown.
[36mDEBUG[0m:    [15-05-2026 12:56:49] Stopping component System
[36mDEBUG[0m:    [15-05-2026 12:56:49] Stopping component SegmentAPI
[36mDEBUG[0m:    [15-05-2026 12:56:49] Stopping component LocalSegmentManager
[36mDEBUG[0m:    [15-05-2026 12:56:49] Stopping component Posthog
[36mDEBUG[0m:    [15-05-2026 12:56:49] Stopping component QuotaEnforcer
[36mDEBUG[0m:    [15-05-2026 12:56:49] Stopping component SqliteDB
[36mDEBUG[0m:    [15-05-2026 12:56:49] Stopping component OpenTelemetryClient
[32mINFO[0m:     [15-05-2026 12:56:49] Application shutdown complete.
[32mINFO[0m:     [15-05-2026 12:56:49] Finished server process [[36m24580[0m]
[33mWARNING[0m:  [19-05-2026 10:47:09] chroma_server_nofile is not supported on Windows. chroma_server_nofile will not be set.
[32mINFO[0m:     [19-05-2026 10:47:09] Anonymized telemetry enabled. See                     https://docs.trychroma.com/telemetry for more information.
[36mDEBUG[0m:    [19-05-2026 10:47:09] Starting component System
[36mDEBUG[0m:    [19-05-2026 10:47:09] Starting component OpenTelemetryClient
[36mDEBUG[0m:    [19-05-2026 10:47:09] Starting component SqliteDB
[36mDEBUG[0m:    [19-05-2026 10:47:09] Starting component QuotaEnforcer
[36mDEBUG[0m:    [19-05-2026 10:47:09] Starting component Posthog
[36mDEBUG[0m:    [19-05-2026 10:47:09] Starting component LocalSegmentManager
[36mDEBUG[0m:    [19-05-2026 10:47:09] Starting component SegmentAPI
[31mERROR[0m:    [19-05-2026 10:47:09] Failed to send telemetry event ServerStartEvent: capture() takes 1 positional argument but 3 were given
[32mINFO[0m:     [19-05-2026 10:47:09] Started server process [[36m25192[0m]
[32mINFO[0m:     [19-05-2026 10:47:09] Waiting for application startup.
[32mINFO[0m:     [19-05-2026 10:47:09] Application startup complete.
[32mINFO[0m:     [19-05-2026 10:47:09] Uvicorn running on [1mhttp://localhost:8000[0m (Press CTRL+C to quit)
